Drill Listing
=============
Drill: .015  Tool: 1  Feed: 95  Speed: 300
X 213200  Y -88600
X 205600  Y -88400
X 218700  Y -87900
X 206400  Y -37200
X 220000  Y -37200
X 213000  Y -37100
X 212900  Y 13000
X 219600  Y 13200
X 206000  Y 13200
X 206000  Y 63200
X 219200  Y 63200
X 212800  Y 63200
X 206800  Y 112800
X 219600  Y 113200
X 213200  Y 113200
X 206800  Y 162900
X 213300  Y 162900
X 219600  Y 162900
X 206800  Y 214000
X 212800  Y 214000
X 219200  Y 214100
X 315400  Y 84300
X 321600  Y 72800
X 323500  Y -36000
X 315200  Y -36300
X 326300  Y -83400
X 311000  Y -83600
X 354800  Y -87700
X 373900  Y -87600
X 335900  Y -87500
X 345200  Y -83100
X 364200  Y -82900
X 352200  Y -36400
X 343100  Y -36300
X 371700  Y -36200
X 333600  Y -36200
X 362100  Y -35900
X 348000  Y 20400
X 370000  Y 45200
X 368000  Y 72000
X 373900  Y 83300
X 380900  Y -36400
X 383900  Y -83100
X 478700  Y -125800
X 469000  Y -126200
X 517800  Y -125100
X 527800  Y -125000
X 576400  Y 31500
X 577000  Y 131900
X 585600  Y -68400
X 590700  Y -128300
X 629500  Y -128500
X 774000  Y -90800
X 775600  Y -37200
X 775200  Y 13200
X 775200  Y 63200
X 775600  Y 113200
X 775600  Y 163200
X 774800  Y 215200
X 782000  Y 215200
X 788800  Y 215200
X 782200  Y 163200
X 788800  Y 163200
X 782000  Y 113200
X 788400  Y 113200
X 782000  Y 63200
X 789200  Y 63200
X 782400  Y 13200
X 789200  Y 13200
X 789200  Y -37200
X 782400  Y -37200
X 789200  Y -90800
X 781600  Y -90800

Drill: .035  Tool: 2  Feed: 197  Speed: 550
X 468800  Y -135800
X 478800  Y -135800
X 517600  Y -136100
X 527600  Y -136100

End of Listing
