; Top Design: "4460_Project2_lib:Spaced_2D:schematic"
; Netlisted using Hierarchy Policy: "Standard"

Options ResourceUsage=yes UseNutmegFormat=no EnableOptim=no TopDesignName="4460_Project2_lib:Spaced_2D:schematic" DcopOutputNodeVoltages=yes DcopOutputPinCurrents=yes DcopOutputAllSweepPoints=no DcopOutputDcopType=0
TLIN4:TL2  N__1 N__168 N__0 N__13 Z=1.652 Ohm E=138 F=500 MHz 
TLIN4:TL1  N__0 N__4 N__1 N__170 Z=1.652 Ohm E=138 F=1 GHz 
TLIN4:TL3  N__18 N__197 N__1 N__168 Z=1.652 Ohm E=138 F=500 MHz 
TLIN4:TL4  N__1 N__170 N__18 N__196 Z=1.652 Ohm E=138 F=1 GHz 
TLIN4:TL41  N__22 N__394 N__24 N__427 Z=1.652 Ohm E=138 F=1 GHz 
TLIN4:TL44  N__24 N__428 N__22 N__395 Z=1.652 Ohm E=138 F=500 MHz 
TLIN4:TL22  N__17 N__230 N__18 N__197 Z=1.652 Ohm E=138 F=500 MHz 
TLIN4:TL21  N__18 N__196 N__17 N__229 Z=1.652 Ohm E=138 F=1 GHz 
TLIN4:TL47  N__108 N__536 N__40 N__143 Z=1.652 Ohm E=138 F=500 MHz 
TLIN4:TL51  N__108 N__537 N__41 N__579 Z=1.652 Ohm E=138 F=1 GHz 
TLIN4:TL48  N__40 N__109 N__108 N__537 Z=1.652 Ohm E=138 F=1 GHz 
TLIN4:TL52  N__582 N__619 N__622 N__661 Z=1.652 Ohm E=138 F=1 GHz 
TLIN4:TL26  N__17 N__229 N__54 N__262 Z=1.652 Ohm E=138 F=1 GHz 
TLIN4:TL25  N__54 N__263 N__17 N__230 Z=1.652 Ohm E=138 F=500 MHz 
TLIN4:TL24  N__6 N__296 N__54 N__263 Z=1.652 Ohm E=138 F=500 MHz 
TLIN4:TL23  N__54 N__262 N__6 N__295 Z=1.652 Ohm E=138 F=1 GHz 
TLIN4:TL46  N__40 N__143 N__0 N__4 Z=1.652 Ohm E=138 F=500 MHz 
TLIN4:TL50  N__622 N__661 N__664 N__702 Z=1.652 Ohm E=138 F=1 GHz 
TLIN4:TL49  N__664 N__701 N__622 N__660 Z=1.652 Ohm E=138 F=500 MHz 
TLIN4:TL45  N__0 N__13 N__40 N__109 Z=1.652 Ohm E=138 F=1 GHz 
TLIN4:TL40  N__24 N__427 N__66 N__460 Z=1.652 Ohm E=138 F=1 GHz 
TLIN4:TL43  N__66 N__461 N__24 N__428 Z=1.652 Ohm E=138 F=500 MHz 
TLIN4:TL42  N__22 N__395 N__27 N__362 Z=1.652 Ohm E=138 F=500 MHz 
TLIN4:TL37  N__27 N__362 N__8 N__329 Z=1.652 Ohm E=138 F=500 MHz 
TLIN4:TL36  N__8 N__329 N__6 N__296 Z=1.652 Ohm E=138 F=500 MHz 
TLIN4:TL39  N__27 N__361 N__22 N__394 Z=1.652 Ohm E=138 F=1 GHz 
TLIN4:TL38  N__8 N__328 N__27 N__361 Z=1.652 Ohm E=138 F=1 GHz 
TLIN4:TL35  N__6 N__295 N__8 N__328 Z=1.652 Ohm E=138 F=1 GHz 
TLIN4:TL53  N__41 N__579 N__582 N__619 Z=1.652 Ohm E=138 F=1 GHz 
TLIN4:TL54  N__41 N__578 N__108 N__536 Z=1.652 Ohm E=138 F=500 MHz 
TLIN4:TL55  N__622 N__660 N__582 N__618 Z=1.652 Ohm E=138 F=500 MHz 
TLIN4:TL56  N__582 N__618 N__41 N__578 Z=1.652 Ohm E=138 F=500 MHz 
TLIN4:TL57  N__9 N__815 N__742 N__779 Z=1.652 Ohm E=138 F=500 MHz 
TLIN4:TL58  N__93 N__113 N__9 N__815 Z=1.652 Ohm E=138 F=500 MHz 
TLIN4:TL59  N__742 N__779 N__705 N__738 Z=1.652 Ohm E=138 F=500 MHz 
TLIN4:TL60  N__705 N__738 N__664 N__701 Z=1.652 Ohm E=138 F=500 MHz 
TLIN4:TL61  N__742 N__780 N__9 N__816 Z=1.652 Ohm E=138 F=1 GHz 
TLIN4:TL62  N__9 N__816 N__93 N__112 Z=1.652 Ohm E=138 F=1 GHz 
TLIN4:TL63  N__705 N__739 N__742 N__780 Z=1.652 Ohm E=138 F=1 GHz 
TLIN4:TL64  N__664 N__702 N__705 N__739 Z=1.652 Ohm E=138 F=1 GHz 
TLIN4:TL68  N__73 N__493 N__70 N__526 Z=1.652 Ohm E=138 F=1 GHz 
TLIN4:TL67  N__73 N__494 N__66 N__461 Z=1.652 Ohm E=138 F=500 MHz 
TLIN4:TL70  N__66 N__460 N__73 N__493 Z=1.652 Ohm E=138 F=1 GHz 
TLIN4:TL69  N__70 N__526 N__39 N__146 Z=1.652 Ohm E=138 F=1 GHz 
TLIN4:TL65  N__70 N__527 N__73 N__494 Z=1.652 Ohm E=138 F=500 MHz 
TLIN4:TL66  N__39 N__52 N__70 N__527 Z=1.652 Ohm E=138 F=500 MHz 
TLIN4:TL71  N__76 N__525 N__72 N__492 Z=1.652 Ohm E=138 F=1 GHz 
TLIN4:TL72  N__72 N__491 N__76 N__524 Z=1.652 Ohm E=138 F=500 MHz 
TLIN4:TL73  N__76 N__524 N__114 N__65 Z=1.652 Ohm E=138 F=500 MHz 
TLIN4:TL74  N__114 N__119 N__76 N__525 Z=1.652 Ohm E=138 F=1 GHz 
TLIN4:TL75  N__84 N__105 N__81 N__83 Z=1.652 Ohm E=138 F=500 MHz 
TLIN4:TL76  N__81 N__393 N__84 N__360 Z=1.652 Ohm E=138 F=1 GHz 
TLIN4:TL77  N__72 N__492 N__429 N__459 Z=1.652 Ohm E=138 F=1 GHz 
TLIN4:TL78  N__396 N__426 N__81 N__393 Z=1.652 Ohm E=138 F=1 GHz 
TLIN4:TL79  N__429 N__459 N__396 N__426 Z=1.652 Ohm E=138 F=1 GHz 
TLIN4:TL80  N__429 N__458 N__72 N__491 Z=1.652 Ohm E=138 F=500 MHz 
TLIN4:TL81  N__81 N__83 N__396 N__425 Z=1.652 Ohm E=138 F=500 MHz 
TLIN4:TL82  N__396 N__425 N__429 N__458 Z=1.652 Ohm E=138 F=500 MHz 
TLIN4:TL83  N__84 N__360 Vdd N__327 Z=1.652 Ohm E=138 F=1 GHz 
TLIN4:TL84  Vdd N__327 N__86 0 Z=1.652 Ohm E=138 F=1 GHz 
TLIN4:TL85  N__87 N__261 N__88 N__228 Z=1.652 Ohm E=138 F=1 GHz 
TLIN4:TL86  N__86 0 N__87 N__261 Z=1.652 Ohm E=138 F=1 GHz 
TLIN4:TL87  Vdd N__326 N__84 N__105 Z=1.652 Ohm E=138 F=500 MHz 
TLIN4:TL88  N__86 N__101 Vdd N__326 Z=1.652 Ohm E=138 F=500 MHz 
TLIN4:TL89  N__88 N__227 N__87 N__99 Z=1.652 Ohm E=138 F=500 MHz 
TLIN4:TL90  N__87 N__99 N__86 N__101 Z=1.652 Ohm E=138 F=500 MHz 
TLIN4:TL91  N__89 N__195 N__92 N__169 Z=1.652 Ohm E=138 F=1 GHz 
TLIN4:TL92  N__89 N__194 N__88 N__227 Z=1.652 Ohm E=138 F=500 MHz 
TLIN4:TL93  N__93 N__112 N__92 N__167 Z=1.652 Ohm E=138 F=500 MHz 
TLIN4:TL94  N__92 N__167 N__89 N__194 Z=1.652 Ohm E=138 F=500 MHz 
TLIN4:TL95  N__92 N__169 N__93 N__113 Z=1.652 Ohm E=138 F=1 GHz 
TLIN4:TL96  N__88 N__228 N__89 N__195 Z=1.652 Ohm E=138 F=1 GHz 
TLIN4:TL97  N__114 N__65 N__115 N__818 Z=1.652 Ohm E=138 F=500 MHz 
TLIN4:TL98  N__115 N__817 N__114 N__119 Z=1.652 Ohm E=138 F=1 GHz 
TLIN4:TL99  N__121 N__741 N__124 N__704 Z=1.652 Ohm E=138 F=500 MHz 
TLIN4:TL100  N__120 N__782 N__121 N__741 Z=1.652 Ohm E=138 F=500 MHz 
TLIN4:TL101  N__115 N__818 N__120 N__782 Z=1.652 Ohm E=138 F=500 MHz 
TLIN4:TL102  N__124 N__704 N__127 N__663 Z=1.652 Ohm E=138 F=500 MHz 
TLIN4:TL103  N__127 N__662 N__124 N__703 Z=1.652 Ohm E=138 F=1 GHz 
TLIN4:TL104  N__120 N__781 N__115 N__817 Z=1.652 Ohm E=138 F=1 GHz 
TLIN4:TL105  N__121 N__740 N__120 N__781 Z=1.652 Ohm E=138 F=1 GHz 
TLIN4:TL106  N__124 N__703 N__121 N__740 Z=1.652 Ohm E=138 F=1 GHz 
TLIN4:TL107  N__130 N__621 N__133 N__581 Z=1.652 Ohm E=138 F=500 MHz 
TLIN4:TL108  N__127 N__663 N__130 N__621 Z=1.652 Ohm E=138 F=500 MHz 
TLIN4:TL109  N__133 N__581 N__137 N__539 Z=1.652 Ohm E=138 F=500 MHz 
TLIN4:TL110  N__133 N__580 N__130 N__620 Z=1.652 Ohm E=138 F=1 GHz 
TLIN4:TL111  N__130 N__620 N__127 N__662 Z=1.652 Ohm E=138 F=1 GHz 
TLIN4:TL112  N__137 N__538 N__133 N__580 Z=1.652 Ohm E=138 F=1 GHz 
TLIN4:TL113  N__190 N__21 N__137 N__538 Z=1.652 Ohm E=138 F=1 GHz 
TLIN4:TL114  N__137 N__539 N__190 N__20 Z=1.652 Ohm E=138 F=500 MHz 
TLIN4:TL115  N__190 N__20 N__39 N__52 Z=1.652 Ohm E=138 F=500 MHz 
TLIN4:TL116  N__39 N__146 N__190 N__21 Z=1.652 Ohm E=138 F=1 GHz 
TLIN4:TL248  N__784 N__147 N__92 N__167 Z=1.168 Ohm E=138 F=500 MHz 
TLIN4:TL246  N__665 N__118 N__706 N__29 Z=1.168 Ohm E=138 F=500 MHz 
TLIN4:TL245  N__706 N__29 N__743 N__110 Z=1.168 Ohm E=138 F=500 MHz 
TLIN4:TL244  N__743 N__110 N__784 N__147 Z=1.168 Ohm E=138 F=500 MHz 
TLIN4:TL255  N__583 N__154 N__623 N__166 Z=1.168 Ohm E=138 F=500 MHz 
TLIN4:TL254  N__156 N__157 N__152 N__160 Z=1.168 Ohm E=138 F=500 MHz 
TLIN4:TL250  N__152 N__160 N__583 N__154 Z=1.168 Ohm E=138 F=500 MHz 
TLIN4:TL258  N__74 N__162 N__156 N__157 Z=1.168 Ohm E=138 F=500 MHz 
TLIN4:TL259  N__1 N__168 N__74 N__162 Z=1.168 Ohm E=138 F=500 MHz 
TLIN4:TL261  N__623 N__166 N__665 N__118 Z=1.168 Ohm E=138 F=500 MHz 
TLIN4:TL249  N__92 N__169 N__784 N__151 Z=1.168 Ohm E=138 F=1 GHz 
TLIN4:TL247  N__784 N__151 N__743 N__148 Z=1.168 Ohm E=138 F=1 GHz 
TLIN4:TL243  N__706 N__150 N__665 N__149 Z=1.168 Ohm E=138 F=1 GHz 
TLIN4:TL242  N__743 N__148 N__706 N__150 Z=1.168 Ohm E=138 F=1 GHz 
TLIN4:TL260  N__665 N__149 N__623 N__165 Z=1.168 Ohm E=138 F=1 GHz 
TLIN4:TL251  N__583 N__155 N__152 N__159 Z=1.168 Ohm E=138 F=1 GHz 
TLIN4:TL252  N__623 N__165 N__583 N__155 Z=1.168 Ohm E=138 F=1 GHz 
TLIN4:TL253  N__152 N__159 N__156 N__158 Z=1.168 Ohm E=138 F=1 GHz 
TLIN4:TL256  N__156 N__158 N__74 N__164 Z=1.168 Ohm E=138 F=1 GHz 
TLIN4:TL257  N__74 N__164 N__1 N__170 Z=1.168 Ohm E=138 F=1 GHz 
TLIN4:TL262  N__785 N__2 N__89 N__194 Z=1.168 Ohm E=138 F=500 MHz 
TLIN4:TL263  N__89 N__195 N__785 N__161 Z=1.168 Ohm E=138 F=1 GHz 
TLIN4:TL264  N__94 N__172 N__785 N__2 Z=1.168 Ohm E=138 F=500 MHz 
TLIN4:TL265  N__785 N__161 N__94 N__500 Z=1.168 Ohm E=138 F=1 GHz 
TLIN4:TL266  N__707 N__174 N__94 N__172 Z=1.168 Ohm E=138 F=500 MHz 
TLIN4:TL267  N__94 N__500 N__707 N__175 Z=1.168 Ohm E=138 F=1 GHz 
TLIN4:TL268  N__666 N__177 N__707 N__174 Z=1.168 Ohm E=138 F=500 MHz 
TLIN4:TL269  N__707 N__175 N__666 N__178 Z=1.168 Ohm E=138 F=1 GHz 
TLIN4:TL270  N__666 N__178 N__624 N__179 Z=1.168 Ohm E=138 F=1 GHz 
TLIN4:TL271  N__624 N__180 N__666 N__177 Z=1.168 Ohm E=138 F=500 MHz 
TLIN4:TL272  N__624 N__179 N__584 N__183 Z=1.168 Ohm E=138 F=1 GHz 
TLIN4:TL273  N__584 N__183 N__182 N__188 Z=1.168 Ohm E=138 F=1 GHz 
TLIN4:TL274  N__182 N__188 N__185 N__186 Z=1.168 Ohm E=138 F=1 GHz 
TLIN4:TL275  N__185 N__186 N__191 N__193 Z=1.168 Ohm E=138 F=1 GHz 
TLIN4:TL276  N__584 N__184 N__624 N__180 Z=1.168 Ohm E=138 F=500 MHz 
TLIN4:TL277  N__182 N__189 N__584 N__184 Z=1.168 Ohm E=138 F=500 MHz 
TLIN4:TL278  N__185 N__187 N__182 N__189 Z=1.168 Ohm E=138 F=500 MHz 
TLIN4:TL279  N__191 N__192 N__185 N__187 Z=1.168 Ohm E=138 F=500 MHz 
TLIN4:TL280  N__191 N__193 N__18 N__196 Z=1.168 Ohm E=138 F=1 GHz 
TLIN4:TL281  N__18 N__197 N__191 N__192 Z=1.168 Ohm E=138 F=500 MHz 
TLIN4:TL282  N__788 N__199 N__88 N__227 Z=1.168 Ohm E=138 F=500 MHz 
TLIN4:TL283  N__88 N__228 N__788 N__200 Z=1.168 Ohm E=138 F=1 GHz 
TLIN4:TL284  N__746 N__205 N__788 N__199 Z=1.168 Ohm E=138 F=500 MHz 
TLIN4:TL285  N__788 N__200 N__746 N__204 Z=1.168 Ohm E=138 F=1 GHz 
TLIN4:TL286  N__710 N__207 N__746 N__205 Z=1.168 Ohm E=138 F=500 MHz 
TLIN4:TL287  N__746 N__204 N__710 N__208 Z=1.168 Ohm E=138 F=1 GHz 
TLIN4:TL288  N__669 N__210 N__710 N__207 Z=1.168 Ohm E=138 F=500 MHz 
TLIN4:TL289  N__710 N__208 N__669 N__211 Z=1.168 Ohm E=138 F=1 GHz 
TLIN4:TL290  N__669 N__211 N__627 N__212 Z=1.168 Ohm E=138 F=1 GHz 
TLIN4:TL291  N__627 N__213 N__669 N__210 Z=1.168 Ohm E=138 F=500 MHz 
TLIN4:TL292  N__627 N__212 N__587 N__216 Z=1.168 Ohm E=138 F=1 GHz 
TLIN4:TL293  N__587 N__216 N__218 N__221 Z=1.168 Ohm E=138 F=1 GHz 
TLIN4:TL294  N__218 N__221 N__251 N__219 Z=1.168 Ohm E=138 F=1 GHz 
TLIN4:TL295  N__251 N__219 N__82 N__226 Z=1.168 Ohm E=138 F=1 GHz 
TLIN4:TL296  N__587 N__217 N__627 N__213 Z=1.168 Ohm E=138 F=500 MHz 
TLIN4:TL297  N__218 N__222 N__587 N__217 Z=1.168 Ohm E=138 F=500 MHz 
TLIN4:TL298  N__251 N__220 N__218 N__222 Z=1.168 Ohm E=138 F=500 MHz 
TLIN4:TL299  N__82 N__225 N__251 N__220 Z=1.168 Ohm E=138 F=500 MHz 
TLIN4:TL300  N__82 N__226 N__17 N__229 Z=1.168 Ohm E=138 F=1 GHz 
TLIN4:TL301  N__17 N__230 N__82 N__225 Z=1.168 Ohm E=138 F=500 MHz 
TLIN4:TL302  N__789 N__232 N__87 N__99 Z=1.168 Ohm E=138 F=500 MHz 
TLIN4:TL303  N__87 N__261 N__789 N__233 Z=1.168 Ohm E=138 F=1 GHz 
TLIN4:TL304  N__747 N__238 N__789 N__232 Z=1.168 Ohm E=138 F=500 MHz 
TLIN4:TL305  N__789 N__233 N__747 N__237 Z=1.168 Ohm E=138 F=1 GHz 
TLIN4:TL306  N__241 N__240 N__747 N__238 Z=1.168 Ohm E=138 F=500 MHz 
TLIN4:TL307  N__747 N__237 N__241 N__145 Z=1.168 Ohm E=138 F=1 GHz 
TLIN4:TL308  N__670 N__243 N__241 N__240 Z=1.168 Ohm E=138 F=500 MHz 
TLIN4:TL309  N__241 N__145 N__670 N__244 Z=1.168 Ohm E=138 F=1 GHz 
TLIN4:TL310  N__670 N__244 N__628 N__245 Z=1.168 Ohm E=138 F=1 GHz 
TLIN4:TL311  N__628 N__246 N__670 N__243 Z=1.168 Ohm E=138 F=500 MHz 
TLIN4:TL312  N__628 N__245 N__588 N__249 Z=1.168 Ohm E=138 F=1 GHz 
TLIN4:TL313  N__588 N__249 N__215 N__254 Z=1.168 Ohm E=138 F=1 GHz 
TLIN4:TL314  N__215 N__254 N__284 N__252 Z=1.168 Ohm E=138 F=1 GHz 
TLIN4:TL315  N__284 N__252 N__224 N__259 Z=1.168 Ohm E=138 F=1 GHz 
TLIN4:TL316  N__588 N__250 N__628 N__246 Z=1.168 Ohm E=138 F=500 MHz 
TLIN4:TL317  N__215 N__255 N__588 N__250 Z=1.168 Ohm E=138 F=500 MHz 
TLIN4:TL318  N__284 N__253 N__215 N__255 Z=1.168 Ohm E=138 F=500 MHz 
TLIN4:TL319  N__224 N__258 N__284 N__253 Z=1.168 Ohm E=138 F=500 MHz 
TLIN4:TL320  N__224 N__259 N__54 N__262 Z=1.168 Ohm E=138 F=1 GHz 
TLIN4:TL321  N__54 N__263 N__224 N__258 Z=1.168 Ohm E=138 F=500 MHz 
TLIN4:TL322  N__267 N__265 N__86 N__101 Z=1.168 Ohm E=138 F=500 MHz 
TLIN4:TL323  N__86 0 N__267 N__266 Z=1.168 Ohm E=138 F=1 GHz 
TLIN4:TL324  N__268 N__271 N__267 N__265 Z=1.168 Ohm E=138 F=500 MHz 
TLIN4:TL325  N__267 N__266 N__268 N__270 Z=1.168 Ohm E=138 F=1 GHz 
TLIN4:TL326  N__269 N__273 N__268 N__271 Z=1.168 Ohm E=138 F=500 MHz 
TLIN4:TL327  N__268 N__270 N__269 N__274 Z=1.168 Ohm E=138 F=1 GHz 
TLIN4:TL328  N__272 N__276 N__269 N__273 Z=1.168 Ohm E=138 F=500 MHz 
TLIN4:TL329  N__269 N__274 N__272 N__277 Z=1.168 Ohm E=138 F=1 GHz 
TLIN4:TL330  N__272 N__277 N__275 N__278 Z=1.168 Ohm E=138 F=1 GHz 
TLIN4:TL331  N__275 N__279 N__272 N__276 Z=1.168 Ohm E=138 F=500 MHz 
TLIN4:TL332  N__275 N__278 N__280 N__282 Z=1.168 Ohm E=138 F=1 GHz 
TLIN4:TL333  N__280 N__282 N__281 N__287 Z=1.168 Ohm E=138 F=1 GHz 
TLIN4:TL334  N__281 N__287 N__383 N__285 Z=1.168 Ohm E=138 F=1 GHz 
TLIN4:TL335  N__383 N__285 N__257 N__292 Z=1.168 Ohm E=138 F=1 GHz 
TLIN4:TL336  N__280 N__283 N__275 N__279 Z=1.168 Ohm E=138 F=500 MHz 
TLIN4:TL337  N__281 N__288 N__280 N__283 Z=1.168 Ohm E=138 F=500 MHz 
TLIN4:TL338  N__383 N__286 N__281 N__288 Z=1.168 Ohm E=138 F=500 MHz 
TLIN4:TL339  N__257 N__291 N__383 N__286 Z=1.168 Ohm E=138 F=500 MHz 
TLIN4:TL340  N__257 N__292 N__6 N__295 Z=1.168 Ohm E=138 F=1 GHz 
TLIN4:TL341  N__6 N__296 N__257 N__291 Z=1.168 Ohm E=138 F=500 MHz 
TLIN4:TL342  N__792 N__298 Vdd N__326 Z=1.168 Ohm E=138 F=500 MHz 
TLIN4:TL343  Vdd N__327 N__792 N__799 Z=1.168 Ohm E=138 F=1 GHz 
TLIN4:TL344  N__750 N__304 N__792 N__298 Z=1.168 Ohm E=138 F=500 MHz 
TLIN4:TL345  N__792 N__799 N__750 N__303 Z=1.168 Ohm E=138 F=1 GHz 
TLIN4:TL346  N__713 N__306 N__750 N__304 Z=1.168 Ohm E=138 F=500 MHz 
TLIN4:TL347  N__750 N__303 N__713 N__307 Z=1.168 Ohm E=138 F=1 GHz 
TLIN4:TL348  N__673 N__309 N__713 N__306 Z=1.168 Ohm E=138 F=500 MHz 
TLIN4:TL349  N__713 N__307 N__673 N__310 Z=1.168 Ohm E=138 F=1 GHz 
TLIN4:TL350  N__673 N__310 N__631 N__311 Z=1.168 Ohm E=138 F=1 GHz 
TLIN4:TL351  N__631 N__312 N__673 N__309 Z=1.168 Ohm E=138 F=500 MHz 
TLIN4:TL352  N__631 N__311 N__591 N__315 Z=1.168 Ohm E=138 F=1 GHz 
TLIN4:TL353  N__591 N__315 N__314 N__320 Z=1.168 Ohm E=138 F=1 GHz 
TLIN4:TL354  N__314 N__320 N__317 N__318 Z=1.168 Ohm E=138 F=1 GHz 
TLIN4:TL355  N__317 N__318 N__323 N__325 Z=1.168 Ohm E=138 F=1 GHz 
TLIN4:TL356  N__591 N__316 N__631 N__312 Z=1.168 Ohm E=138 F=500 MHz 
TLIN4:TL357  N__314 N__321 N__591 N__316 Z=1.168 Ohm E=138 F=500 MHz 
TLIN4:TL358  N__317 N__319 N__314 N__321 Z=1.168 Ohm E=138 F=500 MHz 
TLIN4:TL359  N__323 N__324 N__317 N__319 Z=1.168 Ohm E=138 F=500 MHz 
TLIN4:TL360  N__323 N__325 N__8 N__328 Z=1.168 Ohm E=138 F=1 GHz 
TLIN4:TL361  N__8 N__329 N__323 N__324 Z=1.168 Ohm E=138 F=500 MHz 
TLIN4:TL362  N__299 N__331 N__84 N__105 Z=1.168 Ohm E=138 F=500 MHz 
TLIN4:TL363  N__84 N__360 N__299 N__332 Z=1.168 Ohm E=138 F=1 GHz 
TLIN4:TL364  N__756 N__337 N__299 N__331 Z=1.168 Ohm E=138 F=500 MHz 
TLIN4:TL365  N__299 N__332 N__756 N__336 Z=1.168 Ohm E=138 F=1 GHz 
TLIN4:TL366  N__719 N__339 N__756 N__337 Z=1.168 Ohm E=138 F=500 MHz 
TLIN4:TL367  N__756 N__336 N__719 N__340 Z=1.168 Ohm E=138 F=1 GHz 
TLIN4:TL368  N__679 N__342 N__719 N__339 Z=1.168 Ohm E=138 F=500 MHz 
TLIN4:TL369  N__719 N__340 N__679 N__343 Z=1.168 Ohm E=138 F=1 GHz 
TLIN4:TL370  N__679 N__343 N__637 N__344 Z=1.168 Ohm E=138 F=1 GHz 
TLIN4:TL371  N__637 N__345 N__679 N__342 Z=1.168 Ohm E=138 F=500 MHz 
TLIN4:TL372  N__637 N__344 N__445 N__348 Z=1.168 Ohm E=138 F=1 GHz 
TLIN4:TL373  N__445 N__348 N__550 N__353 Z=1.168 Ohm E=138 F=1 GHz 
TLIN4:TL374  N__550 N__353 N__350 N__351 Z=1.168 Ohm E=138 F=1 GHz 
TLIN4:TL375  N__350 N__351 N__356 N__358 Z=1.168 Ohm E=138 F=1 GHz 
TLIN4:TL376  N__445 N__349 N__637 N__345 Z=1.168 Ohm E=138 F=500 MHz 
TLIN4:TL377  N__550 N__354 N__445 N__349 Z=1.168 Ohm E=138 F=500 MHz 
TLIN4:TL378  N__350 N__352 N__550 N__354 Z=1.168 Ohm E=138 F=500 MHz 
TLIN4:TL379  N__356 N__357 N__350 N__352 Z=1.168 Ohm E=138 F=500 MHz 
TLIN4:TL380  N__356 N__358 N__27 N__361 Z=1.168 Ohm E=138 F=1 GHz 
TLIN4:TL381  N__27 N__362 N__356 N__357 Z=1.168 Ohm E=138 F=500 MHz 
TLIN4:TL382  N__798 N__364 N__81 N__83 Z=1.168 Ohm E=138 F=500 MHz 
TLIN4:TL383  N__81 N__393 N__798 N__365 Z=1.168 Ohm E=138 F=1 GHz 
TLIN4:TL384  N__757 N__370 N__798 N__364 Z=1.168 Ohm E=138 F=500 MHz 
TLIN4:TL385  N__798 N__365 N__757 N__369 Z=1.168 Ohm E=138 F=1 GHz 
TLIN4:TL386  N__373 N__372 N__757 N__370 Z=1.168 Ohm E=138 F=500 MHz 
TLIN4:TL387  N__757 N__369 N__373 N__335 Z=1.168 Ohm E=138 F=1 GHz 
TLIN4:TL388  N__680 N__375 N__373 N__372 Z=1.168 Ohm E=138 F=500 MHz 
TLIN4:TL389  N__373 N__335 N__680 N__376 Z=1.168 Ohm E=138 F=1 GHz 
TLIN4:TL390  N__680 N__376 N__638 N__377 Z=1.168 Ohm E=138 F=1 GHz 
TLIN4:TL391  N__638 N__378 N__680 N__375 Z=1.168 Ohm E=138 F=500 MHz 
TLIN4:TL392  N__638 N__377 N__598 N__381 Z=1.168 Ohm E=138 F=1 GHz 
TLIN4:TL393  N__598 N__381 N__556 N__386 Z=1.168 Ohm E=138 F=1 GHz 
TLIN4:TL394  N__556 N__386 N__416 N__384 Z=1.168 Ohm E=138 F=1 GHz 
TLIN4:TL395  N__416 N__384 N__290 N__391 Z=1.168 Ohm E=138 F=1 GHz 
TLIN4:TL396  N__598 N__382 N__638 N__378 Z=1.168 Ohm E=138 F=500 MHz 
TLIN4:TL397  N__556 N__387 N__598 N__382 Z=1.168 Ohm E=138 F=500 MHz 
TLIN4:TL398  N__416 N__385 N__556 N__387 Z=1.168 Ohm E=138 F=500 MHz 
TLIN4:TL399  N__290 N__390 N__416 N__385 Z=1.168 Ohm E=138 F=500 MHz 
TLIN4:TL400  N__290 N__391 N__22 N__394 Z=1.168 Ohm E=138 F=1 GHz 
TLIN4:TL401  N__22 N__395 N__290 N__390 Z=1.168 Ohm E=138 F=500 MHz 
TLIN4:TL402  N__399 N__397 N__396 N__425 Z=1.168 Ohm E=138 F=500 MHz 
TLIN4:TL403  N__396 N__426 N__399 N__399 Z=1.168 Ohm E=138 F=1 GHz 
TLIN4:TL404  N__400 N__403 N__399 N__397 Z=1.168 Ohm E=138 F=500 MHz 
TLIN4:TL405  N__399 N__399 N__400 N__402 Z=1.168 Ohm E=138 F=1 GHz 
TLIN4:TL406  N__401 N__405 N__400 N__403 Z=1.168 Ohm E=138 F=500 MHz 
TLIN4:TL407  N__400 N__402 N__401 N__406 Z=1.168 Ohm E=138 F=1 GHz 
TLIN4:TL408  N__404 N__408 N__401 N__405 Z=1.168 Ohm E=138 F=500 MHz 
TLIN4:TL409  N__401 N__406 N__404 N__409 Z=1.168 Ohm E=138 F=1 GHz 
TLIN4:TL410  N__404 N__409 N__407 N__410 Z=1.168 Ohm E=138 F=1 GHz 
TLIN4:TL411  N__407 N__411 N__404 N__408 Z=1.168 Ohm E=138 F=500 MHz 
TLIN4:TL412  N__407 N__410 N__599 N__414 Z=1.168 Ohm E=138 F=1 GHz 
TLIN4:TL413  N__599 N__414 N__557 N__419 Z=1.168 Ohm E=138 F=1 GHz 
TLIN4:TL414  N__557 N__419 N__69 N__417 Z=1.168 Ohm E=138 F=1 GHz 
TLIN4:TL415  N__69 N__417 N__422 N__424 Z=1.168 Ohm E=138 F=1 GHz 
TLIN4:TL416  N__599 N__415 N__407 N__411 Z=1.168 Ohm E=138 F=500 MHz 
TLIN4:TL417  N__557 N__420 N__599 N__415 Z=1.168 Ohm E=138 F=500 MHz 
TLIN4:TL418  N__69 N__418 N__557 N__420 Z=1.168 Ohm E=138 F=500 MHz 
TLIN4:TL419  N__422 N__423 N__69 N__418 Z=1.168 Ohm E=138 F=500 MHz 
TLIN4:TL420  N__422 N__424 N__24 N__427 Z=1.168 Ohm E=138 F=1 GHz 
TLIN4:TL421  N__24 N__428 N__422 N__423 Z=1.168 Ohm E=138 F=500 MHz 
TLIN4:TL422  N__432 N__430 N__429 N__458 Z=1.168 Ohm E=138 F=500 MHz 
TLIN4:TL423  N__429 N__459 N__432 N__431 Z=1.168 Ohm E=138 F=1 GHz 
TLIN4:TL424  N__433 N__436 N__432 N__430 Z=1.168 Ohm E=138 F=500 MHz 
TLIN4:TL425  N__432 N__431 N__433 N__435 Z=1.168 Ohm E=138 F=1 GHz 
TLIN4:TL426  N__434 N__438 N__433 N__436 Z=1.168 Ohm E=138 F=500 MHz 
TLIN4:TL427  N__433 N__435 N__434 N__439 Z=1.168 Ohm E=138 F=1 GHz 
TLIN4:TL428  N__437 N__441 N__434 N__438 Z=1.168 Ohm E=138 F=500 MHz 
TLIN4:TL429  N__434 N__439 N__437 N__442 Z=1.168 Ohm E=138 F=1 GHz 
TLIN4:TL430  N__437 N__442 N__440 N__443 Z=1.168 Ohm E=138 F=1 GHz 
TLIN4:TL431  N__440 N__444 N__437 N__441 Z=1.168 Ohm E=138 F=500 MHz 
TLIN4:TL432  N__440 N__443 N__602 N__447 Z=1.168 Ohm E=138 F=1 GHz 
TLIN4:TL433  N__602 N__447 N__446 N__452 Z=1.168 Ohm E=138 F=1 GHz 
TLIN4:TL434  N__446 N__452 N__482 N__450 Z=1.168 Ohm E=138 F=1 GHz 
TLIN4:TL435  N__482 N__450 N__32 N__457 Z=1.168 Ohm E=138 F=1 GHz 
TLIN4:TL436  N__602 N__448 N__440 N__444 Z=1.168 Ohm E=138 F=500 MHz 
TLIN4:TL437  N__446 N__453 N__602 N__448 Z=1.168 Ohm E=138 F=500 MHz 
TLIN4:TL438  N__482 N__451 N__446 N__453 Z=1.168 Ohm E=138 F=500 MHz 
TLIN4:TL439  N__32 N__456 N__482 N__451 Z=1.168 Ohm E=138 F=500 MHz 
TLIN4:TL440  N__32 N__457 N__66 N__460 Z=1.168 Ohm E=138 F=1 GHz 
TLIN4:TL441  N__66 N__461 N__32 N__456 Z=1.168 Ohm E=138 F=500 MHz 
TLIN4:TL442  N__801 N__463 N__72 N__491 Z=1.168 Ohm E=138 F=500 MHz 
TLIN4:TL443  N__72 N__492 N__801 N__464 Z=1.168 Ohm E=138 F=1 GHz 
TLIN4:TL444  N__763 N__469 N__801 N__463 Z=1.168 Ohm E=138 F=500 MHz 
TLIN4:TL445  N__801 N__464 N__763 N__468 Z=1.168 Ohm E=138 F=1 GHz 
TLIN4:TL446  N__723 N__471 N__763 N__469 Z=1.168 Ohm E=138 F=500 MHz 
TLIN4:TL447  N__763 N__468 N__723 N__472 Z=1.168 Ohm E=138 F=1 GHz 
TLIN4:TL448  N__642 N__474 N__723 N__471 Z=1.168 Ohm E=138 F=500 MHz 
TLIN4:TL449  N__723 N__472 N__642 N__644 Z=1.168 Ohm E=138 F=1 GHz 
TLIN4:TL450  N__642 N__644 N__473 N__476 Z=1.168 Ohm E=138 F=1 GHz 
TLIN4:TL451  N__473 N__477 N__642 N__474 Z=1.168 Ohm E=138 F=500 MHz 
TLIN4:TL452  N__473 N__476 N__480 N__480 Z=1.168 Ohm E=138 F=1 GHz 
TLIN4:TL453  N__480 N__480 N__562 N__485 Z=1.168 Ohm E=138 F=1 GHz 
TLIN4:TL454  N__562 N__485 N__515 N__483 Z=1.168 Ohm E=138 F=1 GHz 
TLIN4:TL455  N__515 N__483 N__26 N__490 Z=1.168 Ohm E=138 F=1 GHz 
TLIN4:TL456  N__480 N__481 N__473 N__477 Z=1.168 Ohm E=138 F=500 MHz 
TLIN4:TL457  N__562 N__486 N__480 N__481 Z=1.168 Ohm E=138 F=500 MHz 
TLIN4:TL458  N__515 N__484 N__562 N__486 Z=1.168 Ohm E=138 F=500 MHz 
TLIN4:TL459  N__26 N__489 N__515 N__484 Z=1.168 Ohm E=138 F=500 MHz 
TLIN4:TL460  N__26 N__490 N__73 N__493 Z=1.168 Ohm E=138 F=1 GHz 
TLIN4:TL461  N__73 N__494 N__26 N__489 Z=1.168 Ohm E=138 F=500 MHz 
TLIN4:TL462  N__803 N__496 N__76 N__524 Z=1.168 Ohm E=138 F=500 MHz 
TLIN4:TL463  N__76 N__525 N__803 N__497 Z=1.168 Ohm E=138 F=1 GHz 
TLIN4:TL464  N__765 N__502 N__803 N__496 Z=1.168 Ohm E=138 F=500 MHz 
TLIN4:TL465  N__803 N__497 N__765 N__501 Z=1.168 Ohm E=138 F=1 GHz 
TLIN4:TL466  N__726 N__504 N__765 N__502 Z=1.168 Ohm E=138 F=500 MHz 
TLIN4:TL467  N__765 N__501 N__726 N__505 Z=1.168 Ohm E=138 F=1 GHz 
TLIN4:TL468  N__687 N__507 N__726 N__504 Z=1.168 Ohm E=138 F=500 MHz 
TLIN4:TL469  N__726 N__505 N__687 N__508 Z=1.168 Ohm E=138 F=1 GHz 
TLIN4:TL470  N__687 N__508 N__646 N__509 Z=1.168 Ohm E=138 F=1 GHz 
TLIN4:TL471  N__646 N__510 N__687 N__507 Z=1.168 Ohm E=138 F=500 MHz 
TLIN4:TL472  N__646 N__509 N__605 N__513 Z=1.168 Ohm E=138 F=1 GHz 
TLIN4:TL473  N__605 N__513 N__564 N__518 Z=1.168 Ohm E=138 F=1 GHz 
TLIN4:TL474  N__564 N__518 N__521 N__516 Z=1.168 Ohm E=138 F=1 GHz 
TLIN4:TL475  N__521 N__516 N__488 N__523 Z=1.168 Ohm E=138 F=1 GHz 
TLIN4:TL476  N__605 N__514 N__646 N__510 Z=1.168 Ohm E=138 F=500 MHz 
TLIN4:TL477  N__564 N__519 N__605 N__514 Z=1.168 Ohm E=138 F=500 MHz 
TLIN4:TL478  N__521 N__517 N__564 N__519 Z=1.168 Ohm E=138 F=500 MHz 
TLIN4:TL479  N__488 N__522 N__521 N__517 Z=1.168 Ohm E=138 F=500 MHz 
TLIN4:TL480  N__488 N__523 N__70 N__526 Z=1.168 Ohm E=138 F=1 GHz 
TLIN4:TL481  N__70 N__527 N__488 N__522 Z=1.168 Ohm E=138 F=500 MHz 
TLIN4:TL482  N__40 N__143 N__74 N__462 Z=1.168 Ohm E=138 F=1 GHz 
TLIN4:TL483  N__74 N__80 N__40 N__109 Z=1.168 Ohm E=138 F=500 MHz 
TLIN4:TL484  N__74 N__462 N__191 N__106 Z=1.168 Ohm E=138 F=1 GHz 
TLIN4:TL485  N__191 N__78 N__74 N__80 Z=1.168 Ohm E=138 F=500 MHz 
TLIN4:TL486  N__82 N__363 N__191 N__78 Z=1.168 Ohm E=138 F=500 MHz 
TLIN4:TL487  N__191 N__106 N__82 N__330 Z=1.168 Ohm E=138 F=1 GHz 
TLIN4:TL488  N__224 N__359 N__82 N__363 Z=1.168 Ohm E=138 F=500 MHz 
TLIN4:TL489  N__82 N__330 N__224 N__392 Z=1.168 Ohm E=138 F=1 GHz 
TLIN4:TL490  N__323 N__293 N__257 N__85 Z=1.168 Ohm E=138 F=500 MHz 
TLIN4:TL491  N__257 N__102 N__323 N__264 Z=1.168 Ohm E=138 F=1 GHz 
TLIN4:TL492  N__257 N__85 N__224 N__359 Z=1.168 Ohm E=138 F=500 MHz 
TLIN4:TL493  N__224 N__392 N__257 N__102 Z=1.168 Ohm E=138 F=1 GHz 
TLIN4:TL494  N__290 N__90 N__356 N__5 Z=1.168 Ohm E=138 F=500 MHz 
TLIN4:TL495  N__356 N__97 N__290 N__520 Z=1.168 Ohm E=138 F=1 GHz 
TLIN4:TL496  N__356 N__5 N__323 N__293 Z=1.168 Ohm E=138 F=500 MHz 
TLIN4:TL497  N__323 N__264 N__356 N__97 Z=1.168 Ohm E=138 F=1 GHz 
TLIN4:TL498  N__32 N__388 N__422 N__487 Z=1.168 Ohm E=138 F=500 MHz 
TLIN4:TL499  N__422 N__68 N__32 N__30 Z=1.168 Ohm E=138 F=1 GHz 
TLIN4:TL500  N__422 N__487 N__290 N__90 Z=1.168 Ohm E=138 F=500 MHz 
TLIN4:TL501  N__290 N__520 N__422 N__68 Z=1.168 Ohm E=138 F=1 GHz 
TLIN4:TL502  N__488 N__355 N__26 N__33 Z=1.168 Ohm E=138 F=500 MHz 
TLIN4:TL503  N__26 N__23 N__488 N__28 Z=1.168 Ohm E=138 F=1 GHz 
TLIN4:TL504  N__26 N__33 N__32 N__388 Z=1.168 Ohm E=138 F=500 MHz 
TLIN4:TL505  N__32 N__30 N__26 N__23 Z=1.168 Ohm E=138 F=1 GHz 
TLIN4:TL510  N__108 N__536 N__156 N__144 Z=1.168 Ohm E=138 F=1 GHz 
TLIN4:TL511  N__156 N__35 N__108 N__537 Z=1.168 Ohm E=138 F=500 MHz 
TLIN4:TL508  N__190 N__20 N__488 N__355 Z=1.168 Ohm E=138 F=500 MHz 
TLIN4:TL509  N__488 N__28 N__190 N__21 Z=1.168 Ohm E=138 F=1 GHz 
TLIN4:TL512  N__156 N__144 N__185 N__534 Z=1.168 Ohm E=138 F=1 GHz 
TLIN4:TL513  N__185 N__535 N__156 N__35 Z=1.168 Ohm E=138 F=500 MHz 
TLIN4:TL514  N__251 N__421 N__185 N__535 Z=1.168 Ohm E=138 F=500 MHz 
TLIN4:TL515  N__185 N__534 N__251 N__198 Z=1.168 Ohm E=138 F=1 GHz 
TLIN4:TL516  N__284 N__12 N__251 N__421 Z=1.168 Ohm E=138 F=500 MHz 
TLIN4:TL517  N__251 N__198 N__284 N__322 Z=1.168 Ohm E=138 F=1 GHz 
TLIN4:TL518  N__383 N__49 N__284 N__12 Z=1.168 Ohm E=138 F=500 MHz 
TLIN4:TL519  N__284 N__322 N__383 N__454 Z=1.168 Ohm E=138 F=1 GHz 
TLIN4:TL520  N__317 N__533 N__383 N__49 Z=1.168 Ohm E=138 F=500 MHz 
TLIN4:TL521  N__383 N__454 N__317 N__532 Z=1.168 Ohm E=138 F=1 GHz 
TLIN4:TL522  N__317 N__532 N__350 N__531 Z=1.168 Ohm E=138 F=1 GHz 
TLIN4:TL523  N__350 N__530 N__317 N__533 Z=1.168 Ohm E=138 F=500 MHz 
TLIN4:TL524  N__350 N__531 N__416 N__528 Z=1.168 Ohm E=138 F=1 GHz 
TLIN4:TL525  N__416 N__529 N__350 N__530 Z=1.168 Ohm E=138 F=500 MHz 
TLIN4:TL526  N__416 N__528 N__69 N__71 Z=1.168 Ohm E=138 F=1 GHz 
TLIN4:TL527  N__69 N__100 N__416 N__529 Z=1.168 Ohm E=138 F=500 MHz 
TLIN4:TL528  N__515 N__223 N__482 N__104 Z=1.168 Ohm E=138 F=500 MHz 
TLIN4:TL529  N__482 N__260 N__515 N__50 Z=1.168 Ohm E=138 F=1 GHz 
TLIN4:TL530  N__521 N__37 N__515 N__223 Z=1.168 Ohm E=138 F=500 MHz 
TLIN4:TL531  N__515 N__50 N__521 N__19 Z=1.168 Ohm E=138 F=1 GHz 
TLIN4:TL532  N__521 N__19 N__137 N__538 Z=1.168 Ohm E=138 F=1 GHz 
TLIN4:TL533  N__137 N__539 N__521 N__37 Z=1.168 Ohm E=138 F=500 MHz 
TLIN4:TL534  N__69 N__71 N__482 N__260 Z=1.168 Ohm E=138 F=1 GHz 
TLIN4:TL535  N__482 N__104 N__69 N__100 Z=1.168 Ohm E=138 F=500 MHz 
TLIN4:TL536  N__41 N__578 N__152 N__543 Z=1.168 Ohm E=138 F=1 GHz 
TLIN4:TL537  N__152 N__544 N__41 N__579 Z=1.168 Ohm E=138 F=500 MHz 
TLIN4:TL538  N__152 N__543 N__182 N__576 Z=1.168 Ohm E=138 F=1 GHz 
TLIN4:TL539  N__182 N__577 N__152 N__544 Z=1.168 Ohm E=138 F=500 MHz 
TLIN4:TL540  N__218 N__554 N__182 N__577 Z=1.168 Ohm E=138 F=500 MHz 
TLIN4:TL541  N__182 N__576 N__218 N__553 Z=1.168 Ohm E=138 F=1 GHz 
TLIN4:TL542  N__215 N__548 N__218 N__554 Z=1.168 Ohm E=138 F=500 MHz 
TLIN4:TL543  N__218 N__553 N__215 N__547 Z=1.168 Ohm E=138 F=1 GHz 
TLIN4:TL544  N__281 N__552 N__215 N__548 Z=1.168 Ohm E=138 F=500 MHz 
TLIN4:TL545  N__215 N__547 N__281 N__551 Z=1.168 Ohm E=138 F=1 GHz 
TLIN4:TL546  N__314 N__575 N__281 N__552 Z=1.168 Ohm E=138 F=500 MHz 
TLIN4:TL547  N__281 N__551 N__314 N__574 Z=1.168 Ohm E=138 F=1 GHz 
TLIN4:TL548  N__314 N__574 N__550 N__573 Z=1.168 Ohm E=138 F=1 GHz 
TLIN4:TL549  N__550 N__572 N__314 N__575 Z=1.168 Ohm E=138 F=500 MHz 
TLIN4:TL550  N__550 N__573 N__556 N__570 Z=1.168 Ohm E=138 F=1 GHz 
TLIN4:TL551  N__556 N__571 N__550 N__572 Z=1.168 Ohm E=138 F=500 MHz 
TLIN4:TL552  N__556 N__570 N__557 N__558 Z=1.168 Ohm E=138 F=1 GHz 
TLIN4:TL553  N__557 N__559 N__556 N__571 Z=1.168 Ohm E=138 F=500 MHz 
TLIN4:TL554  N__562 N__565 N__446 N__563 Z=1.168 Ohm E=138 F=500 MHz 
TLIN4:TL555  N__446 N__561 N__562 N__566 Z=1.168 Ohm E=138 F=1 GHz 
TLIN4:TL556  N__564 N__568 N__562 N__565 Z=1.168 Ohm E=138 F=500 MHz 
TLIN4:TL557  N__562 N__566 N__564 N__569 Z=1.168 Ohm E=138 F=1 GHz 
TLIN4:TL558  N__564 N__569 N__133 N__580 Z=1.168 Ohm E=138 F=1 GHz 
TLIN4:TL559  N__133 N__581 N__564 N__568 Z=1.168 Ohm E=138 F=500 MHz 
TLIN4:TL560  N__557 N__558 N__446 N__561 Z=1.168 Ohm E=138 F=1 GHz 
TLIN4:TL561  N__446 N__563 N__557 N__559 Z=1.168 Ohm E=138 F=500 MHz 
TLIN4:TL562  N__582 N__618 N__583 N__585 Z=1.168 Ohm E=138 F=1 GHz 
TLIN4:TL563  N__583 N__586 N__582 N__619 Z=1.168 Ohm E=138 F=500 MHz 
TLIN4:TL564  N__583 N__585 N__584 N__616 Z=1.168 Ohm E=138 F=1 GHz 
TLIN4:TL565  N__584 N__617 N__583 N__586 Z=1.168 Ohm E=138 F=500 MHz 
TLIN4:TL566  N__587 N__596 N__584 N__617 Z=1.168 Ohm E=138 F=500 MHz 
TLIN4:TL567  N__584 N__616 N__587 N__595 Z=1.168 Ohm E=138 F=1 GHz 
TLIN4:TL568  N__588 N__590 N__587 N__596 Z=1.168 Ohm E=138 F=500 MHz 
TLIN4:TL569  N__587 N__595 N__588 N__589 Z=1.168 Ohm E=138 F=1 GHz 
TLIN4:TL570  N__280 N__594 N__588 N__590 Z=1.168 Ohm E=138 F=500 MHz 
TLIN4:TL571  N__588 N__589 N__280 N__593 Z=1.168 Ohm E=138 F=1 GHz 
TLIN4:TL572  N__591 N__615 N__280 N__594 Z=1.168 Ohm E=138 F=500 MHz 
TLIN4:TL573  N__280 N__593 N__591 N__614 Z=1.168 Ohm E=138 F=1 GHz 
TLIN4:TL574  N__591 N__614 N__445 N__412 Z=1.168 Ohm E=138 F=1 GHz 
TLIN4:TL575  N__445 N__613 N__591 N__615 Z=1.168 Ohm E=138 F=500 MHz 
TLIN4:TL576  N__445 N__412 N__598 N__611 Z=1.168 Ohm E=138 F=1 GHz 
TLIN4:TL577  N__598 N__612 N__445 N__613 Z=1.168 Ohm E=138 F=500 MHz 
TLIN4:TL578  N__598 N__611 N__599 N__600 Z=1.168 Ohm E=138 F=1 GHz 
TLIN4:TL579  N__599 N__601 N__598 N__612 Z=1.168 Ohm E=138 F=500 MHz 
TLIN4:TL580  N__480 N__606 N__602 N__604 Z=1.168 Ohm E=138 F=500 MHz 
TLIN4:TL581  N__602 N__603 N__480 N__607 Z=1.168 Ohm E=138 F=1 GHz 
TLIN4:TL582  N__605 N__609 N__480 N__606 Z=1.168 Ohm E=138 F=500 MHz 
TLIN4:TL583  N__480 N__607 N__605 N__610 Z=1.168 Ohm E=138 F=1 GHz 
TLIN4:TL584  N__605 N__610 N__130 N__620 Z=1.168 Ohm E=138 F=1 GHz 
TLIN4:TL585  N__130 N__621 N__605 N__609 Z=1.168 Ohm E=138 F=500 MHz 
TLIN4:TL586  N__599 N__600 N__602 N__603 Z=1.168 Ohm E=138 F=1 GHz 
TLIN4:TL587  N__602 N__604 N__599 N__601 Z=1.168 Ohm E=138 F=500 MHz 
TLIN4:TL588  N__622 N__660 N__623 N__625 Z=1.168 Ohm E=138 F=1 GHz 
TLIN4:TL589  N__623 N__626 N__622 N__661 Z=1.168 Ohm E=138 F=500 MHz 
TLIN4:TL590  N__623 N__625 N__624 N__658 Z=1.168 Ohm E=138 F=1 GHz 
TLIN4:TL591  N__624 N__659 N__623 N__626 Z=1.168 Ohm E=138 F=500 MHz 
TLIN4:TL592  N__627 N__636 N__624 N__659 Z=1.168 Ohm E=138 F=500 MHz 
TLIN4:TL593  N__624 N__658 N__627 N__635 Z=1.168 Ohm E=138 F=1 GHz 
TLIN4:TL594  N__628 N__630 N__627 N__636 Z=1.168 Ohm E=138 F=500 MHz 
TLIN4:TL595  N__627 N__635 N__628 N__629 Z=1.168 Ohm E=138 F=1 GHz 
TLIN4:TL596  N__275 N__634 N__628 N__630 Z=1.168 Ohm E=138 F=500 MHz 
TLIN4:TL597  N__628 N__629 N__275 N__633 Z=1.168 Ohm E=138 F=1 GHz 
TLIN4:TL598  N__631 N__657 N__275 N__634 Z=1.168 Ohm E=138 F=500 MHz 
TLIN4:TL599  N__275 N__633 N__631 N__656 Z=1.168 Ohm E=138 F=1 GHz 
TLIN4:TL600  N__631 N__656 N__637 N__655 Z=1.168 Ohm E=138 F=1 GHz 
TLIN4:TL601  N__637 N__654 N__631 N__657 Z=1.168 Ohm E=138 F=500 MHz 
TLIN4:TL602  N__637 N__655 N__638 N__652 Z=1.168 Ohm E=138 F=1 GHz 
TLIN4:TL603  N__638 N__653 N__637 N__654 Z=1.168 Ohm E=138 F=500 MHz 
TLIN4:TL604  N__638 N__652 N__407 N__640 Z=1.168 Ohm E=138 F=1 GHz 
TLIN4:TL605  N__407 N__641 N__638 N__653 Z=1.168 Ohm E=138 F=500 MHz 
TLIN4:TL606  N__473 N__647 N__440 N__645 Z=1.168 Ohm E=138 F=500 MHz 
TLIN4:TL607  N__440 N__643 N__473 N__648 Z=1.168 Ohm E=138 F=1 GHz 
TLIN4:TL608  N__646 N__650 N__473 N__647 Z=1.168 Ohm E=138 F=500 MHz 
TLIN4:TL609  N__473 N__648 N__646 N__651 Z=1.168 Ohm E=138 F=1 GHz 
TLIN4:TL610  N__646 N__651 N__127 N__662 Z=1.168 Ohm E=138 F=1 GHz 
TLIN4:TL611  N__127 N__663 N__646 N__650 Z=1.168 Ohm E=138 F=500 MHz 
TLIN4:TL612  N__407 N__640 N__440 N__643 Z=1.168 Ohm E=138 F=1 GHz 
TLIN4:TL613  N__440 N__645 N__407 N__641 Z=1.168 Ohm E=138 F=500 MHz 
TLIN4:TL614  N__664 N__701 N__665 N__667 Z=1.168 Ohm E=138 F=1 GHz 
TLIN4:TL615  N__665 N__668 N__664 N__702 Z=1.168 Ohm E=138 F=500 MHz 
TLIN4:TL616  N__665 N__667 N__666 N__699 Z=1.168 Ohm E=138 F=1 GHz 
TLIN4:TL617  N__666 N__700 N__665 N__668 Z=1.168 Ohm E=138 F=500 MHz 
TLIN4:TL618  N__669 N__678 N__666 N__700 Z=1.168 Ohm E=138 F=500 MHz 
TLIN4:TL619  N__666 N__699 N__669 N__677 Z=1.168 Ohm E=138 F=1 GHz 
TLIN4:TL620  N__670 N__672 N__669 N__678 Z=1.168 Ohm E=138 F=500 MHz 
TLIN4:TL621  N__669 N__677 N__670 N__671 Z=1.168 Ohm E=138 F=1 GHz 
TLIN4:TL622  N__272 N__676 N__670 N__672 Z=1.168 Ohm E=138 F=500 MHz 
TLIN4:TL623  N__670 N__671 N__272 N__675 Z=1.168 Ohm E=138 F=1 GHz 
TLIN4:TL624  N__673 N__698 N__272 N__676 Z=1.168 Ohm E=138 F=500 MHz 
TLIN4:TL625  N__272 N__675 N__673 N__697 Z=1.168 Ohm E=138 F=1 GHz 
TLIN4:TL626  N__673 N__697 N__679 N__696 Z=1.168 Ohm E=138 F=1 GHz 
TLIN4:TL627  N__679 N__695 N__673 N__698 Z=1.168 Ohm E=138 F=500 MHz 
TLIN4:TL628  N__679 N__696 N__680 N__693 Z=1.168 Ohm E=138 F=1 GHz 
TLIN4:TL629  N__680 N__694 N__679 N__695 Z=1.168 Ohm E=138 F=500 MHz 
TLIN4:TL630  N__680 N__693 N__404 N__682 Z=1.168 Ohm E=138 F=1 GHz 
TLIN4:TL631  N__404 N__683 N__680 N__694 Z=1.168 Ohm E=138 F=500 MHz 
TLIN4:TL632  N__642 N__688 N__437 N__686 Z=1.168 Ohm E=138 F=500 MHz 
TLIN4:TL633  N__437 N__685 N__642 N__689 Z=1.168 Ohm E=138 F=1 GHz 
TLIN4:TL634  N__687 N__691 N__642 N__688 Z=1.168 Ohm E=138 F=500 MHz 
TLIN4:TL635  N__642 N__689 N__687 N__692 Z=1.168 Ohm E=138 F=1 GHz 
TLIN4:TL636  N__687 N__692 N__124 N__703 Z=1.168 Ohm E=138 F=1 GHz 
TLIN4:TL637  N__124 N__704 N__687 N__691 Z=1.168 Ohm E=138 F=500 MHz 
TLIN4:TL638  N__404 N__682 N__437 N__685 Z=1.168 Ohm E=138 F=1 GHz 
TLIN4:TL639  N__437 N__686 N__404 N__683 Z=1.168 Ohm E=138 F=500 MHz 
TLIN4:TL640  N__705 N__738 N__706 N__708 Z=1.168 Ohm E=138 F=1 GHz 
TLIN4:TL641  N__706 N__709 N__705 N__739 Z=1.168 Ohm E=138 F=500 MHz 
TLIN4:TL642  N__706 N__708 N__707 N__736 Z=1.168 Ohm E=138 F=1 GHz 
TLIN4:TL643  N__707 N__737 N__706 N__709 Z=1.168 Ohm E=138 F=500 MHz 
TLIN4:TL644  N__710 N__718 N__707 N__737 Z=1.168 Ohm E=138 F=500 MHz 
TLIN4:TL645  N__707 N__736 N__710 N__717 Z=1.168 Ohm E=138 F=1 GHz 
TLIN4:TL646  N__241 N__712 N__710 N__718 Z=1.168 Ohm E=138 F=500 MHz 
TLIN4:TL647  N__710 N__717 N__241 N__711 Z=1.168 Ohm E=138 F=1 GHz 
TLIN4:TL648  N__269 N__716 N__241 N__712 Z=1.168 Ohm E=138 F=500 MHz 
TLIN4:TL649  N__241 N__711 N__269 N__715 Z=1.168 Ohm E=138 F=1 GHz 
TLIN4:TL650  N__713 N__735 N__269 N__716 Z=1.168 Ohm E=138 F=500 MHz 
TLIN4:TL651  N__269 N__715 N__713 N__734 Z=1.168 Ohm E=138 F=1 GHz 
TLIN4:TL652  N__713 N__734 N__719 N__733 Z=1.168 Ohm E=138 F=1 GHz 
TLIN4:TL653  N__719 N__732 N__713 N__735 Z=1.168 Ohm E=138 F=500 MHz 
TLIN4:TL654  N__719 N__733 N__373 N__730 Z=1.168 Ohm E=138 F=1 GHz 
TLIN4:TL655  N__373 N__731 N__719 N__732 Z=1.168 Ohm E=138 F=500 MHz 
TLIN4:TL656  N__373 N__730 N__401 N__721 Z=1.168 Ohm E=138 F=1 GHz 
TLIN4:TL657  N__401 N__722 N__373 N__731 Z=1.168 Ohm E=138 F=500 MHz 
TLIN4:TL658  N__723 N__714 N__434 N__725 Z=1.168 Ohm E=138 F=500 MHz 
TLIN4:TL659  N__434 N__724 N__723 N__720 Z=1.168 Ohm E=138 F=1 GHz 
TLIN4:TL660  N__726 N__728 N__723 N__714 Z=1.168 Ohm E=138 F=500 MHz 
TLIN4:TL661  N__723 N__720 N__726 N__729 Z=1.168 Ohm E=138 F=1 GHz 
TLIN4:TL662  N__726 N__729 N__121 N__740 Z=1.168 Ohm E=138 F=1 GHz 
TLIN4:TL663  N__121 N__741 N__726 N__728 Z=1.168 Ohm E=138 F=500 MHz 
TLIN4:TL664  N__401 N__721 N__434 N__724 Z=1.168 Ohm E=138 F=1 GHz 
TLIN4:TL665  N__434 N__725 N__401 N__722 Z=1.168 Ohm E=138 F=500 MHz 
TLIN4:TL666  N__742 N__779 N__743 N__744 Z=1.168 Ohm E=138 F=1 GHz 
TLIN4:TL667  N__743 N__745 N__742 N__780 Z=1.168 Ohm E=138 F=500 MHz 
TLIN4:TL668  N__743 N__744 N__94 N__777 Z=1.168 Ohm E=138 F=1 GHz 
TLIN4:TL669  N__94 N__778 N__743 N__745 Z=1.168 Ohm E=138 F=500 MHz 
TLIN4:TL670  N__746 N__755 N__94 N__778 Z=1.168 Ohm E=138 F=500 MHz 
TLIN4:TL671  N__94 N__777 N__746 N__754 Z=1.168 Ohm E=138 F=1 GHz 
TLIN4:TL672  N__747 N__749 N__746 N__755 Z=1.168 Ohm E=138 F=500 MHz 
TLIN4:TL673  N__746 N__754 N__747 N__748 Z=1.168 Ohm E=138 F=1 GHz 
TLIN4:TL674  N__268 N__753 N__747 N__749 Z=1.168 Ohm E=138 F=500 MHz 
TLIN4:TL675  N__747 N__748 N__268 N__752 Z=1.168 Ohm E=138 F=1 GHz 
TLIN4:TL676  N__750 N__776 N__268 N__753 Z=1.168 Ohm E=138 F=500 MHz 
TLIN4:TL677  N__268 N__752 N__750 N__775 Z=1.168 Ohm E=138 F=1 GHz 
TLIN4:TL678  N__750 N__775 N__756 N__774 Z=1.168 Ohm E=138 F=1 GHz 
TLIN4:TL679  N__756 N__773 N__750 N__776 Z=1.168 Ohm E=138 F=500 MHz 
TLIN4:TL680  N__756 N__774 N__757 N__771 Z=1.168 Ohm E=138 F=1 GHz 
TLIN4:TL681  N__757 N__772 N__756 N__773 Z=1.168 Ohm E=138 F=500 MHz 
TLIN4:TL682  N__757 N__771 N__400 N__759 Z=1.168 Ohm E=138 F=1 GHz 
TLIN4:TL683  N__400 N__760 N__757 N__772 Z=1.168 Ohm E=138 F=500 MHz 
TLIN4:TL684  N__763 N__766 N__433 N__764 Z=1.168 Ohm E=138 F=500 MHz 
TLIN4:TL685  N__433 N__762 N__763 N__767 Z=1.168 Ohm E=138 F=1 GHz 
TLIN4:TL686  N__765 N__769 N__763 N__766 Z=1.168 Ohm E=138 F=500 MHz 
TLIN4:TL687  N__763 N__767 N__765 N__770 Z=1.168 Ohm E=138 F=1 GHz 
TLIN4:TL688  N__765 N__770 N__120 N__781 Z=1.168 Ohm E=138 F=1 GHz 
TLIN4:TL689  N__120 N__782 N__765 N__769 Z=1.168 Ohm E=138 F=500 MHz 
TLIN4:TL690  N__400 N__759 N__433 N__762 Z=1.168 Ohm E=138 F=1 GHz 
TLIN4:TL691  N__433 N__764 N__400 N__760 Z=1.168 Ohm E=138 F=500 MHz 
TLIN4:TL692  N__9 N__815 N__784 N__786 Z=1.168 Ohm E=138 F=1 GHz 
TLIN4:TL693  N__784 N__787 N__9 N__816 Z=1.168 Ohm E=138 F=500 MHz 
TLIN4:TL694  N__784 N__786 N__785 N__813 Z=1.168 Ohm E=138 F=1 GHz 
TLIN4:TL695  N__785 N__814 N__784 N__787 Z=1.168 Ohm E=138 F=500 MHz 
TLIN4:TL696  N__788 N__797 N__785 N__814 Z=1.168 Ohm E=138 F=500 MHz 
TLIN4:TL697  N__785 N__813 N__788 N__796 Z=1.168 Ohm E=138 F=1 GHz 
TLIN4:TL698  N__789 N__791 N__788 N__797 Z=1.168 Ohm E=138 F=500 MHz 
TLIN4:TL699  N__788 N__796 N__789 N__790 Z=1.168 Ohm E=138 F=1 GHz 
TLIN4:TL700  N__267 N__795 N__789 N__791 Z=1.168 Ohm E=138 F=500 MHz 
TLIN4:TL701  N__789 N__790 N__267 N__794 Z=1.168 Ohm E=138 F=1 GHz 
TLIN4:TL702  N__792 N__812 N__267 N__795 Z=1.168 Ohm E=138 F=500 MHz 
TLIN4:TL703  N__267 N__794 N__792 N__811 Z=1.168 Ohm E=138 F=1 GHz 
TLIN4:TL704  N__792 N__811 N__299 N__398 Z=1.168 Ohm E=138 F=1 GHz 
TLIN4:TL705  N__299 N__366 N__792 N__812 Z=1.168 Ohm E=138 F=500 MHz 
TLIN4:TL706  N__299 N__398 N__798 N__809 Z=1.168 Ohm E=138 F=1 GHz 
TLIN4:TL707  N__798 N__810 N__299 N__366 Z=1.168 Ohm E=138 F=500 MHz 
TLIN4:TL708  N__798 N__809 N__399 N__399 Z=1.168 Ohm E=138 F=1 GHz 
TLIN4:TL709  N__399 N__399 N__798 N__810 Z=1.168 Ohm E=138 F=500 MHz 
TLIN4:TL710  N__801 N__804 N__432 N__802 Z=1.168 Ohm E=138 F=500 MHz 
TLIN4:TL711  N__432 N__800 N__801 N__805 Z=1.168 Ohm E=138 F=1 GHz 
TLIN4:TL712  N__803 N__807 N__801 N__804 Z=1.168 Ohm E=138 F=500 MHz 
TLIN4:TL713  N__801 N__805 N__803 N__808 Z=1.168 Ohm E=138 F=1 GHz 
TLIN4:TL714  N__803 N__808 N__115 N__817 Z=1.168 Ohm E=138 F=1 GHz 
TLIN4:TL715  N__115 N__818 N__803 N__807 Z=1.168 Ohm E=138 F=500 MHz 
TLIN4:TL716  N__399 N__399 N__432 N__800 Z=1.168 Ohm E=138 F=1 GHz 
TLIN4:TL717  N__432 N__802 N__399 N__399 Z=1.168 Ohm E=138 F=500 MHz 
V_Source:SRC1  N__86 0 Type="V_DC" Vdc=3.3 V SaveCurrent=1 
Tran:Tran1 StartTime=0.0 nsec StopTime=1 nsec MaxTimeStep=1.0 psec LimitStepForTL=yes TimeStepControl=2 TruncTol=7.0 ChargeTol=1.0e-14 IntegMethod=0 MaxGearOrder=2 \
Mu=0.5 MaxOrder=4 Freq[1]=1.0 GHz Order[1]=3 HB_Window=no \
HB_Sol=no ImpApprox=no ShortTL_Delay=1.0 psec ImpMode=1 UseInitCond=no \
LoadGminDC=no CheckKCL=yes CheckOnlyDeltaV=yes OverloadAlert=no DeviceBypass=no \
MaxIters=10 MaxItersDC=200 DevOpPtLevel=0 StatusLevel=2 OutputAllPoints=yes \
NoiseScale=1 ImpEnforcePassivity=yes \
OutputPlan="Tran1_Output" 

OutputPlan:Tran1_Output \
      Type="Output" \
      UseNodeNestLevel=yes \
      NodeNestLevel=2 \
      UseEquationNestLevel=yes \
      EquationNestLevel=2 \
      UseSavedEquationNestLevel=yes \
      SavedEquationNestLevel=2 \
      UseDeviceCurrentNestLevel=no \
      DeviceCurrentNestLevel=0 \
      DeviceCurrentDeviceType="All" \
      DeviceCurrentSymSyntax=yes \
      UseCurrentNestLevel=yes \
      CurrentNestLevel=999 \
      UseDeviceVoltageNestLevel=no \
      DeviceVoltageNestLevel=0 \
      DeviceVoltageDeviceType="All"


__debug_ImpLFEOff=0 
