Drill Listing
=============
Drill: .015  Tool: 1  Feed: 95  Speed: 300
X 213200  Y -88800
X 205600  Y -88400
X 218700  Y -87900
X 206400  Y -37200
X 220000  Y -37200
X 213000  Y -37100
X 212900  Y 13000
X 219600  Y 13200
X 206000  Y 13200
X 206000  Y 63200
X 219200  Y 63200
X 212800  Y 63200
X 206800  Y 112800
X 213200  Y 113200
X 219600  Y 113200
X 206800  Y 162900
X 213300  Y 162900
X 219600  Y 162900
X 206800  Y 214000
X 212800  Y 214000
X 219200  Y 214100
X 324700  Y 84500
X 315400  Y 84300
X 315200  Y -36300
X 324000  Y -38700
X 321200  Y -87200
X 316400  Y -91900
X 354800  Y -93100
X 333100  Y -90600
X 373600  Y -90300
X 379100  Y -88200
X 359600  Y -87200
X 340700  Y -86800
X 362000  Y -39900
X 353200  Y -39500
X 333600  Y -39500
X 343200  Y -38300
X 372400  Y -37100
X 359200  Y 20400
X 362000  Y 37000
X 373900  Y 83300
X 363900  Y 83400
X 380800  Y -39100
X 468400  Y -121800
X 478800  Y -122000
X 589900  Y -123800
X 527700  Y -122100
X 517600  Y -122000
X 585600  Y -68400
X 576400  Y 31500
X 577000  Y 131900
X 774800  Y 215200
X 775600  Y 163200
X 775600  Y 113200
X 775200  Y 63200
X 775200  Y 13200
X 775600  Y -37200
X 774000  Y -90800
X 629200  Y -124200
X 781600  Y -90800
X 789200  Y -90800
X 782400  Y -37200
X 789200  Y -37200
X 782400  Y 13200
X 789200  Y 13200
X 789200  Y 63200
X 782100  Y 63300
X 788400  Y 113200
X 782000  Y 113200
X 782200  Y 163200
X 788800  Y 163200
X 782000  Y 215200
X 788800  Y 215200

Drill: .035  Tool: 2  Feed: 197  Speed: 550
X 468800  Y -135800
X 478800  Y -135800
X 517600  Y -136100
X 527600  Y -136100

End of Listing
